Next Round: 1   (0.1%), Time since starting: 00:00:08
Next Round: 2   (0.2%), Time since starting: 00:00:13
Next Round: 3   (0.3%), Time since starting: 00:00:18
Next Round: 4   (0.4%), Time since starting: 00:00:27
Next Round: 5   (0.5%), Time since starting: 00:00:37
Next Round: 6   (0.6%), Time since starting: 00:00:46
Next Round: 7   (0.7%), Time since starting: 00:00:50
Next Round: 8   (0.8%), Time since starting: 00:00:56
Next Round: 9   (0.9%), Time since starting: 00:01:03
Next Round: 10   (1.0%), Time since starting: 00:01:07
Next Round: 11   (1.1%), Time since starting: 00:01:12
Next Round: 12   (1.2%), Time since starting: 00:01:16
Next Round: 13   (1.3%), Time since starting: 00:01:25
Next Round: 14   (1.4%), Time since starting: 00:01:31
Next Round: 15   (1.5%), Time since starting: 00:01:41
Next Round: 16   (1.6%), Time since starting: 00:01:50
Next Round: 17   (1.7%), Time since starting: 00:01:53
Next Round: 18   (1.8%), Time since starting: 00:01:59
Next Round: 19   (1.9%), Time since starting: 00:02:09
Next Round: 20   (2.0%), Time since starting: 00:02:12
Next Round: 21   (2.1%), Time since starting: 00:02:19
Next Round: 22   (2.2%), Time since starting: 00:02:23
Next Round: 23   (2.3%), Time since starting: 00:02:27
Next Round: 24   (2.4%), Time since starting: 00:02:31
Next Round: 25   (2.5%), Time since starting: 00:02:35
Next Round: 26   (2.6%), Time since starting: 00:02:44
Next Round: 27   (2.7%), Time since starting: 00:02:54
Next Round: 28   (2.8%), Time since starting: 00:03:02
Next Round: 29   (2.9%), Time since starting: 00:03:07
Next Round: 30   (3.0%), Time since starting: 00:03:16
Next Round: 31   (3.1%), Time since starting: 00:03:20
Next Round: 32   (3.2%), Time since starting: 00:03:27
Next Round: 33   (3.3%), Time since starting: 00:03:31
Next Round: 34   (3.4%), Time since starting: 00:03:35
Next Round: 35   (3.5%), Time since starting: 00:03:39
Next Round: 36   (3.6%), Time since starting: 00:03:48
Next Round: 37   (3.7%), Time since starting: 00:03:55
Next Round: 38   (3.8%), Time since starting: 00:03:59
Next Round: 39   (3.9%), Time since starting: 00:04:02
Next Round: 40   (4.0%), Time since starting: 00:04:07
Next Round: 41   (4.1%), Time since starting: 00:04:14
Next Round: 42   (4.2%), Time since starting: 00:04:19
Next Round: 43   (4.3%), Time since starting: 00:04:26
Next Round: 44   (4.4%), Time since starting: 00:04:31
Next Round: 45   (4.5%), Time since starting: 00:04:41
Next Round: 46   (4.6%), Time since starting: 00:04:50
Next Round: 47   (4.7%), Time since starting: 00:04:55
Next Round: 48   (4.8%), Time since starting: 00:05:01
Next Round: 49   (4.9%), Time since starting: 00:05:10
Next Round: 50   (5.0%), Time since starting: 00:05:16
Next Round: 51   (5.1%), Time since starting: 00:05:21
Next Round: 52   (5.2%), Time since starting: 00:05:30
Next Round: 53   (5.3%), Time since starting: 00:05:38
Next Round: 54   (5.4%), Time since starting: 00:05:41
Next Round: 55   (5.5%), Time since starting: 00:05:51
Next Round: 56   (5.6%), Time since starting: 00:05:55
Next Round: 57   (5.7%), Time since starting: 00:05:59
Next Round: 58   (5.8%), Time since starting: 00:06:03
Next Round: 59   (5.9%), Time since starting: 00:06:06
Next Round: 60   (6.0%), Time since starting: 00:06:10
Next Round: 61   (6.1%), Time since starting: 00:06:15
Next Round: 62   (6.2%), Time since starting: 00:06:21
Next Round: 63   (6.3%), Time since starting: 00:06:28
Next Round: 64   (6.4%), Time since starting: 00:06:37
Next Round: 65   (6.5%), Time since starting: 00:06:40
Next Round: 66   (6.6%), Time since starting: 00:06:43
Next Round: 67   (6.7%), Time since starting: 00:06:48
Next Round: 68   (6.8%), Time since starting: 00:06:52
Next Round: 69   (6.9%), Time since starting: 00:06:57
Next Round: 70   (7.0%), Time since starting: 00:07:02
Next Round: 71   (7.1%), Time since starting: 00:07:07
Next Round: 72   (7.2%), Time since starting: 00:07:10
Next Round: 73   (7.3%), Time since starting: 00:07:15
Next Round: 74   (7.4%), Time since starting: 00:07:23
Next Round: 75   (7.5%), Time since starting: 00:07:29
Next Round: 76   (7.6%), Time since starting: 00:07:37
Next Round: 77   (7.7%), Time since starting: 00:07:44
Next Round: 78   (7.8%), Time since starting: 00:07:50
Next Round: 79   (7.9%), Time since starting: 00:07:59
Next Round: 80   (8.0%), Time since starting: 00:08:08
Next Round: 81   (8.1%), Time since starting: 00:08:14
Next Round: 82   (8.2%), Time since starting: 00:08:21
Next Round: 83   (8.3%), Time since starting: 00:08:25
Next Round: 84   (8.4%), Time since starting: 00:08:31
Next Round: 85   (8.5%), Time since starting: 00:08:40
Next Round: 86   (8.6%), Time since starting: 00:08:49
Next Round: 87   (8.7%), Time since starting: 00:08:58
Next Round: 88   (8.8%), Time since starting: 00:09:03
Next Round: 89   (8.9%), Time since starting: 00:09:08
Next Round: 90   (9.0%), Time since starting: 00:09:14
Next Round: 91   (9.1%), Time since starting: 00:09:22
Next Round: 92   (9.2%), Time since starting: 00:09:26
Next Round: 93   (9.3%), Time since starting: 00:09:31
Next Round: 94   (9.4%), Time since starting: 00:09:38
Next Round: 95   (9.5%), Time since starting: 00:09:42
Next Round: 96   (9.6%), Time since starting: 00:09:51
Next Round: 97   (9.7%), Time since starting: 00:09:56
Next Round: 98   (9.8%), Time since starting: 00:10:04
Next Round: 99   (9.9%), Time since starting: 00:10:08
Next Round: 100   (10.0%), Time since starting: 00:10:17
Next Round: 101   (10.1%), Time since starting: 00:10:26
Next Round: 102   (10.2%), Time since starting: 00:10:30
Next Round: 103   (10.3%), Time since starting: 00:10:35
Next Round: 104   (10.4%), Time since starting: 00:10:43
Next Round: 105   (10.5%), Time since starting: 00:10:47
Next Round: 106   (10.6%), Time since starting: 00:10:50
Next Round: 107   (10.7%), Time since starting: 00:10:56
Next Round: 108   (10.8%), Time since starting: 00:11:02
Next Round: 109   (10.9%), Time since starting: 00:11:05
Next Round: 110   (11.0%), Time since starting: 00:11:10
Next Round: 111   (11.1%), Time since starting: 00:11:13
Next Round: 112   (11.2%), Time since starting: 00:11:23
Next Round: 113   (11.3%), Time since starting: 00:11:27
Next Round: 114   (11.4%), Time since starting: 00:11:32
Next Round: 115   (11.5%), Time since starting: 00:11:39
Next Round: 116   (11.6%), Time since starting: 00:11:45
Next Round: 117   (11.7%), Time since starting: 00:11:51
Next Round: 118   (11.8%), Time since starting: 00:11:58
Next Round: 119   (11.9%), Time since starting: 00:12:02
Next Round: 120   (12.0%), Time since starting: 00:12:07
Next Round: 121   (12.1%), Time since starting: 00:12:13
Next Round: 122   (12.2%), Time since starting: 00:12:19
Next Round: 123   (12.3%), Time since starting: 00:12:28
Next Round: 124   (12.4%), Time since starting: 00:12:32
Next Round: 125   (12.5%), Time since starting: 00:12:38
Next Round: 126   (12.6%), Time since starting: 00:12:43
Next Round: 127   (12.7%), Time since starting: 00:12:50
Next Round: 128   (12.8%), Time since starting: 00:12:56
Next Round: 129   (12.9%), Time since starting: 00:13:00
Next Round: 130   (13.0%), Time since starting: 00:13:06
Next Round: 131   (13.1%), Time since starting: 00:13:12
Next Round: 132   (13.2%), Time since starting: 00:13:22
Next Round: 133   (13.3%), Time since starting: 00:13:26
Next Round: 134   (13.4%), Time since starting: 00:13:34
Next Round: 135   (13.5%), Time since starting: 00:13:41
Next Round: 136   (13.6%), Time since starting: 00:13:50
Next Round: 137   (13.7%), Time since starting: 00:13:54
Next Round: 138   (13.8%), Time since starting: 00:13:59
Next Round: 139   (13.9%), Time since starting: 00:14:04
Next Round: 140   (14.0%), Time since starting: 00:14:09
Next Round: 141   (14.1%), Time since starting: 00:14:18
Next Round: 142   (14.2%), Time since starting: 00:14:27
Next Round: 143   (14.3%), Time since starting: 00:14:36
Next Round: 144   (14.4%), Time since starting: 00:14:44
Next Round: 145   (14.5%), Time since starting: 00:14:53
Next Round: 146   (14.6%), Time since starting: 00:15:02
Next Round: 147   (14.7%), Time since starting: 00:15:11
Next Round: 148   (14.8%), Time since starting: 00:15:18
Next Round: 149   (14.9%), Time since starting: 00:15:27
Next Round: 150   (15.0%), Time since starting: 00:15:31
Next Round: 151   (15.1%), Time since starting: 00:15:37
Next Round: 152   (15.2%), Time since starting: 00:15:40
Next Round: 153   (15.3%), Time since starting: 00:15:45
Next Round: 154   (15.4%), Time since starting: 00:15:49
Next Round: 155   (15.5%), Time since starting: 00:15:53
Next Round: 156   (15.6%), Time since starting: 00:15:56
Next Round: 157   (15.7%), Time since starting: 00:16:04
Next Round: 158   (15.8%), Time since starting: 00:16:09
Next Round: 159   (15.9%), Time since starting: 00:16:13
Next Round: 160   (16.0%), Time since starting: 00:16:20
Next Round: 161   (16.1%), Time since starting: 00:16:24
Next Round: 162   (16.2%), Time since starting: 00:16:33
Next Round: 163   (16.3%), Time since starting: 00:16:38
Next Round: 164   (16.4%), Time since starting: 00:16:41
Next Round: 165   (16.5%), Time since starting: 00:16:49
Next Round: 166   (16.6%), Time since starting: 00:16:54
Next Round: 167   (16.7%), Time since starting: 00:16:59
Next Round: 168   (16.8%), Time since starting: 00:17:04
Next Round: 169   (16.9%), Time since starting: 00:17:12
Next Round: 170   (17.0%), Time since starting: 00:17:21
Next Round: 171   (17.1%), Time since starting: 00:17:30
Next Round: 172   (17.2%), Time since starting: 00:17:38
Next Round: 173   (17.3%), Time since starting: 00:17:42
Next Round: 174   (17.4%), Time since starting: 00:17:51
Next Round: 175   (17.5%), Time since starting: 00:18:01
Next Round: 176   (17.6%), Time since starting: 00:18:07
Next Round: 177   (17.7%), Time since starting: 00:18:11
Next Round: 178   (17.8%), Time since starting: 00:18:18
Next Round: 179   (17.9%), Time since starting: 00:18:25
Next Round: 180   (18.0%), Time since starting: 00:18:34
Next Round: 181   (18.1%), Time since starting: 00:18:43
Next Round: 182   (18.2%), Time since starting: 00:18:52
Next Round: 183   (18.3%), Time since starting: 00:18:58
Next Round: 184   (18.4%), Time since starting: 00:19:02
Next Round: 185   (18.5%), Time since starting: 00:19:10
Next Round: 186   (18.6%), Time since starting: 00:19:19
Next Round: 187   (18.7%), Time since starting: 00:19:24
Next Round: 188   (18.8%), Time since starting: 00:19:33
Next Round: 189   (18.9%), Time since starting: 00:19:41
ERROR: execution stuck! check the logs for more information
/Users/aaronschneider/anaconda3/lib/python3.7/site-packages/sklearn/ensemble/weight_boosting.py:29: DeprecationWarning: numpy.core.umath_tests is an internal NumPy module and should not be imported. It will be removed in a future NumPy release.
  from numpy.core.umath_tests import inner1d
/Users/aaronschneider/anaconda3/lib/python3.7/site-packages/numpy/core/_methods.py:36: RuntimeWarning: overflow encountered in reduce
  return umr_sum(a, axis, dtype, out, keepdims, initial)
/Users/aaronschneider/anaconda3/lib/python3.7/site-packages/numpy/core/_methods.py:36: RuntimeWarning: overflow encountered in reduce
  return umr_sum(a, axis, dtype, out, keepdims, initial)
/Users/aaronschneider/anaconda3/lib/python3.7/site-packages/numpy/core/_methods.py:36: RuntimeWarning: overflow encountered in reduce
  return umr_sum(a, axis, dtype, out, keepdims, initial)
/Users/aaronschneider/anaconda3/lib/python3.7/site-packages/numpy/core/_methods.py:36: RuntimeWarning: overflow encountered in reduce
  return umr_sum(a, axis, dtype, out, keepdims, initial)
/Users/aaronschneider/anaconda3/lib/python3.7/site-packages/numpy/core/_methods.py:36: RuntimeWarning: overflow encountered in reduce
  return umr_sum(a, axis, dtype, out, keepdims, initial)
/Users/aaronschneider/anaconda3/lib/python3.7/site-packages/numpy/core/_methods.py:36: RuntimeWarning: overflow encountered in reduce
  return umr_sum(a, axis, dtype, out, keepdims, initial)
Next Round: 1   (0.1%), Time since starting: 00:00:02
Next Round: 2   (0.2%), Time since starting: 00:00:05
Next Round: 3   (0.3%), Time since starting: 00:00:09
Next Round: 4   (0.4%), Time since starting: 00:00:13
Next Round: 5   (0.5%), Time since starting: 00:00:16
Next Round: 6   (0.6%), Time since starting: 00:00:17
Next Round: 7   (0.7%), Time since starting: 00:00:22
Next Round: 8   (0.8%), Time since starting: 00:00:26
Next Round: 9   (0.9%), Time since starting: 00:00:29
Next Round: 10   (1.0%), Time since starting: 00:00:33
Next Round: 11   (1.1%), Time since starting: 00:00:36
Next Round: 12   (1.2%), Time since starting: 00:00:40
Next Round: 13   (1.3%), Time since starting: 00:00:43
Next Round: 14   (1.4%), Time since starting: 00:00:46
Next Round: 15   (1.5%), Time since starting: 00:00:49
Next Round: 16   (1.6%), Time since starting: 00:00:51
Next Round: 17   (1.7%), Time since starting: 00:00:55
Next Round: 18   (1.8%), Time since starting: 00:00:59
Next Round: 19   (1.9%), Time since starting: 00:01:04
Next Round: 20   (2.0%), Time since starting: 00:01:07
Next Round: 21   (2.1%), Time since starting: 00:01:11
Next Round: 22   (2.2%), Time since starting: 00:01:15
Next Round: 23   (2.3%), Time since starting: 00:01:18
Next Round: 24   (2.4%), Time since starting: 00:01:21
Next Round: 25   (2.5%), Time since starting: 00:01:23
Next Round: 26   (2.6%), Time since starting: 00:01:27
Next Round: 27   (2.7%), Time since starting: 00:01:30
Next Round: 28   (2.8%), Time since starting: 00:01:34
Next Round: 29   (2.9%), Time since starting: 00:01:36
Next Round: 30   (3.0%), Time since starting: 00:01:39
Next Round: 31   (3.1%), Time since starting: 00:01:49
Next Round: 32   (3.2%), Time since starting: 00:01:51
Next Round: 33   (3.3%), Time since starting: 00:01:55
Next Round: 34   (3.4%), Time since starting: 00:02:00
Next Round: 35   (3.5%), Time since starting: 00:02:03
Next Round: 36   (3.6%), Time since starting: 00:02:07
Next Round: 37   (3.7%), Time since starting: 00:02:10
Next Round: 38   (3.8%), Time since starting: 00:02:13
Next Round: 39   (3.9%), Time since starting: 00:02:16
Next Round: 40   (4.0%), Time since starting: 00:02:20
Next Round: 41   (4.1%), Time since starting: 00:02:24
Next Round: 42   (4.2%), Time since starting: 00:02:27
Next Round: 43   (4.3%), Time since starting: 00:02:30
Next Round: 44   (4.4%), Time since starting: 00:02:33
Next Round: 45   (4.5%), Time since starting: 00:02:36
Next Round: 46   (4.6%), Time since starting: 00:02:42
Next Round: 47   (4.7%), Time since starting: 00:02:44
2019-03-11 10:16:56.147 python[558:10188] HIToolbox: received notification of WindowServer event port death.
2019-03-11 10:16:56.147 python[558:10188] port matched the WindowServer port created in BindCGSToRunLoop
2019-03-11 10:16:56.147 python[727:24112] HIToolbox: received notification of WindowServer event port death.
2019-03-11 10:16:56.148 python[727:24112] port matched the WindowServer port created in BindCGSToRunLoop
Next Round: 48   (4.8%), Time since starting: 00:02:49
Next Round: 49   (4.9%), Time since starting: 00:02:51
Next Round: 50   (5.0%), Time since starting: 00:02:54
/Users/aaronschneider/anaconda3/lib/python3.7/site-packages/sklearn/ensemble/weight_boosting.py:29: DeprecationWarning: numpy.core.umath_tests is an internal NumPy module and should not be imported. It will be removed in a future NumPy release.
  from numpy.core.umath_tests import inner1d
Process simple_agent_2:
Traceback (most recent call last):
  File "/Users/aaronschneider/anaconda3/lib/python3.7/multiprocessing/process.py", line 297, in _bootstrap
    self.run()
  File "/Users/aaronschneider/Documents/UNI/WISE18-19/ML_final/bomberman_RA/agents.py", line 85, in run
    if self.fake_self.game_state['exit']:
TypeError: 'NoneType' object is not subscriptable
Next Round: 1   (0.1%), Time since starting: 00:00:03
Next Round: 2   (0.2%), Time since starting: 00:00:06
Next Round: 3   (0.3%), Time since starting: 00:00:08
Next Round: 4   (0.4%), Time since starting: 00:00:11
Next Round: 5   (0.5%), Time since starting: 00:00:14
Next Round: 6   (0.6%), Time since starting: 00:00:19
Next Round: 7   (0.7%), Time since starting: 00:00:22
Next Round: 8   (0.8%), Time since starting: 00:00:24
Next Round: 9   (0.9%), Time since starting: 00:00:27
Next Round: 10   (1.0%), Time since starting: 00:00:29
Next Round: 11   (1.1%), Time since starting: 00:00:33
Next Round: 12   (1.2%), Time since starting: 00:00:36
Next Round: 13   (1.3%), Time since starting: 00:00:40
Next Round: 14   (1.4%), Time since starting: 00:00:46
Next Round: 15   (1.5%), Time since starting: 00:00:49
Next Round: 16   (1.6%), Time since starting: 00:00:52
Next Round: 17   (1.7%), Time since starting: 00:00:55
Next Round: 18   (1.8%), Time since starting: 00:00:58
Next Round: 19   (1.9%), Time since starting: 00:01:00
Next Round: 20   (2.0%), Time since starting: 00:01:05
Next Round: 21   (2.1%), Time since starting: 00:01:08
Next Round: 22   (2.2%), Time since starting: 00:01:11
Next Round: 23   (2.3%), Time since starting: 00:01:15
Next Round: 24   (2.4%), Time since starting: 00:01:18
Next Round: 25   (2.5%), Time since starting: 00:01:21
Next Round: 26   (2.6%), Time since starting: 00:01:25
Next Round: 27   (2.7%), Time since starting: 00:01:28
Next Round: 28   (2.8%), Time since starting: 00:01:31
Next Round: 29   (2.9%), Time since starting: 00:01:34
Next Round: 30   (3.0%), Time since starting: 00:01:37
Next Round: 31   (3.1%), Time since starting: 00:01:39
Next Round: 32   (3.2%), Time since starting: 00:01:43
Next Round: 33   (3.3%), Time since starting: 00:01:46
Next Round: 34   (3.4%), Time since starting: 00:01:49
Next Round: 35   (3.5%), Time since starting: 00:01:52
Next Round: 36   (3.6%), Time since starting: 00:01:54
Next Round: 37   (3.7%), Time since starting: 00:02:03
Next Round: 38   (3.8%), Time since starting: 00:02:06
Next Round: 39   (3.9%), Time since starting: 00:02:10
Next Round: 40   (4.0%), Time since starting: 00:02:14
Next Round: 41   (4.1%), Time since starting: 00:02:17
Next Round: 42   (4.2%), Time since starting: 00:02:21
Next Round: 43   (4.3%), Time since starting: 00:02:24
Next Round: 44   (4.4%), Time since starting: 00:02:27
Next Round: 45   (4.5%), Time since starting: 00:02:30
Next Round: 46   (4.6%), Time since starting: 00:02:33
Next Round: 47   (4.7%), Time since starting: 00:02:36
Next Round: 48   (4.8%), Time since starting: 00:02:39
Next Round: 49   (4.9%), Time since starting: 00:02:42
Next Round: 50   (5.0%), Time since starting: 00:02:45
Next Round: 51   (5.1%), Time since starting: 00:02:48
Next Round: 52   (5.2%), Time since starting: 00:02:51
Next Round: 53   (5.3%), Time since starting: 00:02:54
Next Round: 54   (5.4%), Time since starting: 00:02:57
Next Round: 55   (5.5%), Time since starting: 00:03:00
Next Round: 56   (5.6%), Time since starting: 00:03:03
Next Round: 57   (5.7%), Time since starting: 00:03:06
Next Round: 58   (5.8%), Time since starting: 00:03:09
Next Round: 59   (5.9%), Time since starting: 00:03:12
Next Round: 60   (6.0%), Time since starting: 00:03:15
Next Round: 61   (6.1%), Time since starting: 00:03:17
Next Round: 62   (6.2%), Time since starting: 00:03:20
Next Round: 63   (6.3%), Time since starting: 00:03:25
Next Round: 64   (6.4%), Time since starting: 00:03:29
Next Round: 65   (6.5%), Time since starting: 00:03:33
Next Round: 66   (6.6%), Time since starting: 00:03:35
Next Round: 67   (6.7%), Time since starting: 00:03:39
Next Round: 68   (6.8%), Time since starting: 00:03:42
Next Round: 69   (6.9%), Time since starting: 00:03:45
Next Round: 70   (7.0%), Time since starting: 00:03:50
Next Round: 71   (7.1%), Time since starting: 00:03:53
Next Round: 72   (7.2%), Time since starting: 00:03:56
Next Round: 73   (7.3%), Time since starting: 00:03:59
Next Round: 74   (7.4%), Time since starting: 00:04:02
Next Round: 75   (7.5%), Time since starting: 00:04:05
Next Round: 76   (7.6%), Time since starting: 00:04:09
Next Round: 77   (7.7%), Time since starting: 00:04:12
Next Round: 78   (7.8%), Time since starting: 00:04:16
Next Round: 79   (7.9%), Time since starting: 00:04:19
Next Round: 80   (8.0%), Time since starting: 00:04:23
Next Round: 81   (8.1%), Time since starting: 00:04:26
Next Round: 82   (8.2%), Time since starting: 00:04:31
Next Round: 83   (8.3%), Time since starting: 00:04:34
Next Round: 84   (8.4%), Time since starting: 00:04:38
Next Round: 85   (8.5%), Time since starting: 00:04:42
Next Round: 86   (8.6%), Time since starting: 00:04:44
Next Round: 87   (8.7%), Time since starting: 00:04:47
Next Round: 88   (8.8%), Time since starting: 00:04:49
Next Round: 89   (8.9%), Time since starting: 00:04:53
Next Round: 90   (9.0%), Time since starting: 00:04:56
Next Round: 91   (9.1%), Time since starting: 00:04:59
Next Round: 92   (9.2%), Time since starting: 00:05:02
Next Round: 93   (9.3%), Time since starting: 00:05:10
Next Round: 94   (9.4%), Time since starting: 00:05:14
Next Round: 95   (9.5%), Time since starting: 00:05:18
Next Round: 96   (9.6%), Time since starting: 00:05:22
Next Round: 97   (9.7%), Time since starting: 00:05:25
Next Round: 98   (9.8%), Time since starting: 00:05:29
Next Round: 99   (9.9%), Time since starting: 00:05:33
Next Round: 100   (10.0%), Time since starting: 00:05:36
Next Round: 101   (10.1%), Time since starting: 00:05:39
Next Round: 102   (10.2%), Time since starting: 00:05:42
Next Round: 103   (10.3%), Time since starting: 00:05:47
Next Round: 104   (10.4%), Time since starting: 00:05:50
Next Round: 105   (10.5%), Time since starting: 00:05:54
Next Round: 106   (10.6%), Time since starting: 00:06:00
Next Round: 107   (10.7%), Time since starting: 00:06:04
Next Round: 108   (10.8%), Time since starting: 00:06:07
Next Round: 109   (10.9%), Time since starting: 00:06:11
Next Round: 110   (11.0%), Time since starting: 00:06:14
Next Round: 111   (11.1%), Time since starting: 00:06:18
Next Round: 112   (11.2%), Time since starting: 00:06:21
Next Round: 113   (11.3%), Time since starting: 00:06:31
Next Round: 114   (11.4%), Time since starting: 00:06:34
Next Round: 115   (11.5%), Time since starting: 00:06:37
Next Round: 116   (11.6%), Time since starting: 00:06:41
Next Round: 117   (11.7%), Time since starting: 00:06:43
Next Round: 118   (11.8%), Time since starting: 00:06:47
Next Round: 119   (11.9%), Time since starting: 00:06:50
Next Round: 120   (12.0%), Time since starting: 00:06:53
Next Round: 121   (12.1%), Time since starting: 00:06:58
Next Round: 122   (12.2%), Time since starting: 00:07:01
Next Round: 123   (12.3%), Time since starting: 00:07:04
Next Round: 124   (12.4%), Time since starting: 00:07:07
Next Round: 125   (12.5%), Time since starting: 00:07:11
Next Round: 126   (12.6%), Time since starting: 00:07:14
Next Round: 127   (12.7%), Time since starting: 00:07:17
Next Round: 128   (12.8%), Time since starting: 00:07:21
Next Round: 129   (12.9%), Time since starting: 00:07:24
Next Round: 130   (13.0%), Time since starting: 00:07:27
Next Round: 131   (13.1%), Time since starting: 00:07:30
Next Round: 132   (13.2%), Time since starting: 00:07:38
Next Round: 133   (13.3%), Time since starting: 00:07:41
Next Round: 134   (13.4%), Time since starting: 00:07:43
Next Round: 135   (13.5%), Time since starting: 00:07:46
Next Round: 136   (13.6%), Time since starting: 00:07:50
Next Round: 137   (13.7%), Time since starting: 00:07:53
Next Round: 138   (13.8%), Time since starting: 00:07:58
Next Round: 139   (13.9%), Time since starting: 00:08:01
Next Round: 140   (14.0%), Time since starting: 00:08:04
Next Round: 141   (14.1%), Time since starting: 00:08:07
Next Round: 142   (14.2%), Time since starting: 00:08:11
Next Round: 143   (14.3%), Time since starting: 00:08:15
Next Round: 144   (14.4%), Time since starting: 00:08:20
Next Round: 145   (14.5%), Time since starting: 00:08:26
Next Round: 146   (14.6%), Time since starting: 00:08:29
Next Round: 147   (14.7%), Time since starting: 00:08:32
Next Round: 148   (14.8%), Time since starting: 00:08:36
Next Round: 149   (14.9%), Time since starting: 00:08:40
Next Round: 150   (15.0%), Time since starting: 00:08:44
Next Round: 151   (15.1%), Time since starting: 00:08:47
Next Round: 152   (15.2%), Time since starting: 00:08:49
Next Round: 153   (15.3%), Time since starting: 00:08:53
Next Round: 154   (15.4%), Time since starting: 00:08:56
Next Round: 155   (15.5%), Time since starting: 00:09:04
Next Round: 156   (15.6%), Time since starting: 00:09:07
Next Round: 157   (15.7%), Time since starting: 00:09:10
Next Round: 158   (15.8%), Time since starting: 00:09:14
Next Round: 159   (15.9%), Time since starting: 00:09:18
Next Round: 160   (16.0%), Time since starting: 00:09:21
Next Round: 161   (16.1%), Time since starting: 00:09:25
Next Round: 162   (16.2%), Time since starting: 00:09:34
Next Round: 163   (16.3%), Time since starting: 00:09:37
Next Round: 164   (16.4%), Time since starting: 00:09:41
Next Round: 165   (16.5%), Time since starting: 00:09:44
Next Round: 166   (16.6%), Time since starting: 00:09:50
Next Round: 167   (16.7%), Time since starting: 00:09:53
Next Round: 168   (16.8%), Time since starting: 00:09:56
Next Round: 169   (16.9%), Time since starting: 00:10:02
Next Round: 170   (17.0%), Time since starting: 00:10:05
Next Round: 171   (17.1%), Time since starting: 00:10:14
Next Round: 172   (17.2%), Time since starting: 00:10:17
Next Round: 173   (17.3%), Time since starting: 00:10:21
Next Round: 174   (17.4%), Time since starting: 00:10:25
Next Round: 175   (17.5%), Time since starting: 00:10:34
Next Round: 176   (17.6%), Time since starting: 00:10:38
Next Round: 177   (17.7%), Time since starting: 00:10:41
Next Round: 178   (17.8%), Time since starting: 00:10:45
Next Round: 179   (17.9%), Time since starting: 00:10:48
Next Round: 180   (18.0%), Time since starting: 00:10:52
Next Round: 181   (18.1%), Time since starting: 00:10:54
Next Round: 182   (18.2%), Time since starting: 00:10:57
Next Round: 183   (18.3%), Time since starting: 00:10:59
Next Round: 184   (18.4%), Time since starting: 00:11:04
Next Round: 185   (18.5%), Time since starting: 00:11:08
Next Round: 186   (18.6%), Time since starting: 00:11:12
Next Round: 187   (18.7%), Time since starting: 00:11:16
Next Round: 188   (18.8%), Time since starting: 00:11:19
Next Round: 189   (18.9%), Time since starting: 00:11:25
Next Round: 190   (19.0%), Time since starting: 00:11:28
Next Round: 191   (19.1%), Time since starting: 00:11:31
Next Round: 192   (19.2%), Time since starting: 00:11:40
Next Round: 193   (19.3%), Time since starting: 00:11:43
Next Round: 194   (19.4%), Time since starting: 00:11:46
Next Round: 195   (19.5%), Time since starting: 00:11:50
Next Round: 196   (19.6%), Time since starting: 00:11:53
Next Round: 197   (19.7%), Time since starting: 00:11:56
Next Round: 198   (19.8%), Time since starting: 00:11:59
Next Round: 199   (19.9%), Time since starting: 00:12:02
Next Round: 200   (20.0%), Time since starting: 00:12:07
Next Round: 201   (20.1%), Time since starting: 00:12:10
Next Round: 202   (20.2%), Time since starting: 00:12:16
Next Round: 203   (20.3%), Time since starting: 00:12:19
Next Round: 204   (20.4%), Time since starting: 00:12:23
Next Round: 205   (20.5%), Time since starting: 00:12:26
Next Round: 206   (20.6%), Time since starting: 00:12:29
Next Round: 207   (20.7%), Time since starting: 00:12:34
Next Round: 208   (20.8%), Time since starting: 00:12:40
Next Round: 209   (20.9%), Time since starting: 00:12:45
Next Round: 210   (21.0%), Time since starting: 00:12:47
Next Round: 211   (21.1%), Time since starting: 00:12:51
Next Round: 212   (21.2%), Time since starting: 00:12:55
Next Round: 213   (21.3%), Time since starting: 00:12:57
Next Round: 214   (21.4%), Time since starting: 00:13:02
Next Round: 215   (21.5%), Time since starting: 00:13:06
Next Round: 216   (21.6%), Time since starting: 00:13:10
Next Round: 217   (21.7%), Time since starting: 00:13:14
Next Round: 218   (21.8%), Time since starting: 00:13:20
Next Round: 219   (21.9%), Time since starting: 00:13:23
Next Round: 220   (22.0%), Time since starting: 00:13:26
Next Round: 221   (22.1%), Time since starting: 00:13:28
Next Round: 222   (22.2%), Time since starting: 00:13:32
Next Round: 223   (22.3%), Time since starting: 00:13:36
Next Round: 224   (22.4%), Time since starting: 00:13:39
Next Round: 225   (22.5%), Time since starting: 00:13:45
Next Round: 226   (22.6%), Time since starting: 00:13:50
Next Round: 227   (22.7%), Time since starting: 00:13:53
Next Round: 228   (22.8%), Time since starting: 00:13:56
Next Round: 229   (22.9%), Time since starting: 00:13:59
Next Round: 230   (23.0%), Time since starting: 00:14:09
Next Round: 231   (23.1%), Time since starting: 00:14:12
Next Round: 232   (23.2%), Time since starting: 00:14:15
Next Round: 233   (23.3%), Time since starting: 00:14:21
Next Round: 234   (23.4%), Time since starting: 00:14:24
Next Round: 235   (23.5%), Time since starting: 00:14:28
Next Round: 236   (23.6%), Time since starting: 00:14:32
Next Round: 237   (23.7%), Time since starting: 00:14:36
Next Round: 238   (23.8%), Time since starting: 00:14:45
Next Round: 239   (23.9%), Time since starting: 00:14:48
Next Round: 240   (24.0%), Time since starting: 00:14:58
Next Round: 241   (24.1%), Time since starting: 00:15:01
Next Round: 242   (24.2%), Time since starting: 00:15:11
Next Round: 243   (24.3%), Time since starting: 00:15:20
Next Round: 244   (24.4%), Time since starting: 00:15:23
Next Round: 245   (24.5%), Time since starting: 00:15:26
Next Round: 246   (24.6%), Time since starting: 00:15:35
Next Round: 247   (24.7%), Time since starting: 00:15:38
Next Round: 248   (24.8%), Time since starting: 00:15:43
Next Round: 249   (24.9%), Time since starting: 00:15:52
Next Round: 250   (25.0%), Time since starting: 00:15:57
Next Round: 251   (25.1%), Time since starting: 00:16:00
Next Round: 252   (25.2%), Time since starting: 00:16:04
Next Round: 253   (25.3%), Time since starting: 00:16:07
Next Round: 254   (25.4%), Time since starting: 00:16:10
Next Round: 255   (25.5%), Time since starting: 00:16:20
Next Round: 256   (25.6%), Time since starting: 00:16:24
Next Round: 257   (25.7%), Time since starting: 00:16:28
Next Round: 258   (25.8%), Time since starting: 00:16:31
Next Round: 259   (25.9%), Time since starting: 00:16:35
Next Round: 260   (26.0%), Time since starting: 00:16:38
Next Round: 261   (26.1%), Time since starting: 00:16:42
Next Round: 262   (26.2%), Time since starting: 00:16:48
Next Round: 263   (26.3%), Time since starting: 00:16:58
Next Round: 264   (26.4%), Time since starting: 00:17:01
Next Round: 265   (26.5%), Time since starting: 00:17:05
Next Round: 266   (26.6%), Time since starting: 00:17:08
Next Round: 267   (26.7%), Time since starting: 00:17:14
Next Round: 268   (26.8%), Time since starting: 00:17:18
Next Round: 269   (26.9%), Time since starting: 00:17:22
Next Round: 270   (27.0%), Time since starting: 00:17:26
Next Round: 271   (27.1%), Time since starting: 00:17:31
Next Round: 272   (27.2%), Time since starting: 00:17:40
Next Round: 273   (27.3%), Time since starting: 00:17:43
Next Round: 274   (27.4%), Time since starting: 00:17:49
Next Round: 275   (27.5%), Time since starting: 00:17:59
Next Round: 276   (27.6%), Time since starting: 00:18:02
Next Round: 277   (27.7%), Time since starting: 00:18:05
Next Round: 278   (27.8%), Time since starting: 00:18:14
Next Round: 279   (27.9%), Time since starting: 00:18:17
Next Round: 280   (28.0%), Time since starting: 00:18:21
Next Round: 281   (28.1%), Time since starting: 00:18:27
Next Round: 282   (28.2%), Time since starting: 00:18:30
Next Round: 283   (28.3%), Time since starting: 00:18:35
Next Round: 284   (28.4%), Time since starting: 00:18:39
Next Round: 285   (28.5%), Time since starting: 00:18:43
Next Round: 286   (28.6%), Time since starting: 00:18:46
Next Round: 287   (28.7%), Time since starting: 00:18:55
Next Round: 288   (28.8%), Time since starting: 00:19:05
Next Round: 289   (28.9%), Time since starting: 00:19:14
Next Round: 290   (29.0%), Time since starting: 00:19:17
Next Round: 291   (29.1%), Time since starting: 00:19:21
Next Round: 292   (29.2%), Time since starting: 00:19:28
Next Round: 293   (29.3%), Time since starting: 00:19:30
Next Round: 294   (29.4%), Time since starting: 00:19:34
Next Round: 295   (29.5%), Time since starting: 00:19:43
Next Round: 296   (29.6%), Time since starting: 00:19:47
Next Round: 297   (29.7%), Time since starting: 00:19:57
Next Round: 298   (29.8%), Time since starting: 00:20:06
Next Round: 299   (29.9%), Time since starting: 00:20:09
Next Round: 300   (30.0%), Time since starting: 00:20:13
Next Round: 301   (30.1%), Time since starting: 00:20:17
Next Round: 302   (30.2%), Time since starting: 00:20:21
Next Round: 303   (30.3%), Time since starting: 00:20:25
Next Round: 304   (30.4%), Time since starting: 00:20:30
Next Round: 305   (30.5%), Time since starting: 00:20:39
Next Round: 306   (30.6%), Time since starting: 00:20:49
Next Round: 307   (30.7%), Time since starting: 00:20:52
Next Round: 308   (30.8%), Time since starting: 00:21:02
Next Round: 309   (30.9%), Time since starting: 00:21:04
Next Round: 310   (31.0%), Time since starting: 00:21:08
Next Round: 311   (31.1%), Time since starting: 00:21:17
Next Round: 312   (31.2%), Time since starting: 00:21:26
Next Round: 313   (31.3%), Time since starting: 00:21:29
Next Round: 314   (31.4%), Time since starting: 00:21:34
Next Round: 315   (31.5%), Time since starting: 00:21:44
Next Round: 316   (31.6%), Time since starting: 00:21:49
Next Round: 317   (31.7%), Time since starting: 00:21:52
Next Round: 318   (31.8%), Time since starting: 00:22:01
Next Round: 319   (31.9%), Time since starting: 00:22:04
Next Round: 320   (32.0%), Time since starting: 00:22:10
Next Round: 321   (32.1%), Time since starting: 00:22:20
Next Round: 322   (32.2%), Time since starting: 00:22:25
Next Round: 323   (32.3%), Time since starting: 00:22:31
Next Round: 324   (32.4%), Time since starting: 00:22:40
Next Round: 325   (32.5%), Time since starting: 00:22:43
Next Round: 326   (32.6%), Time since starting: 00:22:52
Next Round: 327   (32.7%), Time since starting: 00:23:02
Next Round: 328   (32.8%), Time since starting: 00:23:06
Next Round: 329   (32.9%), Time since starting: 00:23:08
Next Round: 330   (33.0%), Time since starting: 00:23:18
Next Round: 331   (33.1%), Time since starting: 00:23:22
ERROR: execution stuck! check the logs for more information
/Users/aaronschneider/anaconda3/lib/python3.7/site-packages/sklearn/ensemble/weight_boosting.py:29: DeprecationWarning: numpy.core.umath_tests is an internal NumPy module and should not be imported. It will be removed in a future NumPy release.
  from numpy.core.umath_tests import inner1d
/Users/aaronschneider/anaconda3/lib/python3.7/site-packages/numpy/core/_methods.py:36: RuntimeWarning: overflow encountered in reduce
  return umr_sum(a, axis, dtype, out, keepdims, initial)
/Users/aaronschneider/anaconda3/lib/python3.7/site-packages/numpy/core/_methods.py:36: RuntimeWarning: overflow encountered in reduce
  return umr_sum(a, axis, dtype, out, keepdims, initial)
/Users/aaronschneider/anaconda3/lib/python3.7/site-packages/numpy/core/_methods.py:36: RuntimeWarning: overflow encountered in reduce
  return umr_sum(a, axis, dtype, out, keepdims, initial)
/Users/aaronschneider/anaconda3/lib/python3.7/site-packages/numpy/core/_methods.py:36: RuntimeWarning: overflow encountered in reduce
  return umr_sum(a, axis, dtype, out, keepdims, initial)
/Users/aaronschneider/anaconda3/lib/python3.7/site-packages/numpy/core/_methods.py:36: RuntimeWarning: overflow encountered in reduce
  return umr_sum(a, axis, dtype, out, keepdims, initial)
/Users/aaronschneider/anaconda3/lib/python3.7/site-packages/numpy/core/_methods.py:36: RuntimeWarning: overflow encountered in reduce
  return umr_sum(a, axis, dtype, out, keepdims, initial)
2019-03-11 10:56:25.071 python[497:5513] HIToolbox: received notification of WindowServer event port death.
2019-03-11 10:56:25.071 python[497:5513] port matched the WindowServer port created in BindCGSToRunLoop
